{
  "RSpec": {
    "coverage": {
      "/home/raptorf1laptop/Documents/CraftAcademy/GitHub/Kimchi-Slowfood-April-2019/app/helpers/application_helper.rb": [
        1,
        null
      ],
      "/home/raptorf1laptop/Documents/CraftAcademy/GitHub/Kimchi-Slowfood-April-2019/app/models/application_record.rb": [
        0,
        0,
        0
      ],
      "/home/raptorf1laptop/Documents/CraftAcademy/GitHub/Kimchi-Slowfood-April-2019/app/jobs/application_job.rb": [
        0,
        0
      ],
      "/home/raptorf1laptop/Documents/CraftAcademy/GitHub/Kimchi-Slowfood-April-2019/app/mailers/application_mailer.rb": [
        0,
        0,
        0,
        0
      ],
      "/home/raptorf1laptop/Documents/CraftAcademy/GitHub/Kimchi-Slowfood-April-2019/app/controllers/application_controller.rb": [
        0,
        0
      ],
      "/home/raptorf1laptop/Documents/CraftAcademy/GitHub/Kimchi-Slowfood-April-2019/app/channels/application_cable/channel.rb": [
        0,
        0,
        0,
        0
      ],
      "/home/raptorf1laptop/Documents/CraftAcademy/GitHub/Kimchi-Slowfood-April-2019/app/channels/application_cable/connection.rb": [
        0,
        0,
        0,
        0
      ]
    },
    "timestamp": 1556700552
  },
  "Cucumber Features": {
    "coverage": {
      "/home/raptorf1laptop/Documents/CraftAcademy/GitHub/Kimchi-Slowfood-April-2019/app/models/application_record.rb": [
        0,
        0,
        0
      ],
      "/home/raptorf1laptop/Documents/CraftAcademy/GitHub/Kimchi-Slowfood-April-2019/app/jobs/application_job.rb": [
        0,
        0
      ],
      "/home/raptorf1laptop/Documents/CraftAcademy/GitHub/Kimchi-Slowfood-April-2019/app/mailers/application_mailer.rb": [
        0,
        0,
        0,
        0
      ],
      "/home/raptorf1laptop/Documents/CraftAcademy/GitHub/Kimchi-Slowfood-April-2019/app/helpers/application_helper.rb": [
        0,
        0
      ],
      "/home/raptorf1laptop/Documents/CraftAcademy/GitHub/Kimchi-Slowfood-April-2019/app/controllers/application_controller.rb": [
        0,
        0
      ],
      "/home/raptorf1laptop/Documents/CraftAcademy/GitHub/Kimchi-Slowfood-April-2019/app/channels/application_cable/channel.rb": [
        0,
        0,
        0,
        0
      ],
      "/home/raptorf1laptop/Documents/CraftAcademy/GitHub/Kimchi-Slowfood-April-2019/app/channels/application_cable/connection.rb": [
        0,
        0,
        0,
        0
      ]
    },
    "timestamp": 1556700558
  }
}
